Testing Document with N7Library8DocumentISt6vectorSsEE
------------------------------------------------

Timer: Elapsed Time of ::snap() 	= 0.02 (seconds)

Timer: Elapsed Time of ::erase() 	= 0.03 (seconds)

Timer: Elapsed Time of ::undo(1) 	= 0 (seconds)

Timer: Elapsed Time of ::copy_range() 	= 0 (seconds)

Timer: Elapsed Time of ::paste_after() 	= 0 (seconds)

Timer: Elapsed Time of ::substitute() 	= 0.02 (seconds)

Timer: Elapsed Time of ::erase() 	= 0 (seconds)

Testing Document with N7Library8DocumentISt4listSsEE
------------------------------------------------

Timer: Elapsed Time of ::snap() 	= 0.03 (seconds)

Timer: Elapsed Time of ::erase() 	= 0 (seconds)

Timer: Elapsed Time of ::undo(1) 	= 0 (seconds)

Timer: Elapsed Time of ::copy_range() 	= 0 (seconds)

Timer: Elapsed Time of ::paste_after() 	= 0.01 (seconds)

Timer: Elapsed Time of ::substitute() 	= 0 (seconds)

Timer: Elapsed Time of ::erase() 	= 0 (seconds)

Testing Document with N7Library8DocumentISt5dequeSsEE
------------------------------------------------

Timer: Elapsed Time of ::snap() 	= 0.01 (seconds)

Timer: Elapsed Time of ::erase() 	= 0.02 (seconds)

Timer: Elapsed Time of ::undo(1) 	= 0 (seconds)

Timer: Elapsed Time of ::copy_range() 	= 0 (seconds)

Timer: Elapsed Time of ::paste_after() 	= 0.01 (seconds)

Timer: Elapsed Time of ::substitute() 	= 0.02 (seconds)

Timer: Elapsed Time of ::erase() 	= 0 (seconds)

Testing Document with N7Library8DocumentISt12forward_listSsEE
------------------------------------------------

Timer: Elapsed Time of ::snap() 	= 0.04 (seconds)

Timer: Elapsed Time of ::erase() 	= 0.084001 (seconds)

Timer: Elapsed Time of ::undo(1) 	= 0 (seconds)

Timer: Elapsed Time of ::copy_range() 	= 0 (seconds)

Timer: Elapsed Time of ::paste_after() 	= 0.01 (seconds)

Timer: Elapsed Time of ::substitute() 	= 0.09 (seconds)

Timer: Elapsed Time of ::erase() 	= 0.01 (seconds)

